Mplus VERSION 8 (Mac)
MUTHEN & MUTHEN
01/01/2018   3:33 PM

INPUT INSTRUCTIONS

  TITLE: test
  DATA: File is d.dat;
  VARIABLE:
  Names are Sepal_Length Sepal_Width Petal_Length Petal_Width;
  Classes = c(7);
  MODEL:
  %overall%
  [Sepal_Length Sepal_Width Petal_Length Petal_Width];
  Sepal_Length Sepal_Width Petal_Length Petal_Width;
  Sepal_Length WITH Sepal_Width;
  Sepal_Length WITH Petal_Length;
  Sepal_Length WITH Petal_Width;
  Sepal_Width WITH Petal_Length;
  Sepal_Width WITH Petal_Width;
  Petal_Length WITH Petal_Width;
  %c#1%
  [Sepal_Length Sepal_Width Petal_Length Petal_Width];
  Sepal_Length Sepal_Width Petal_Length Petal_Width;
  Sepal_Length WITH Sepal_Width;
  Sepal_Length WITH Petal_Length;
  Sepal_Length WITH Petal_Width;
  Sepal_Width WITH Petal_Length;
  Sepal_Width WITH Petal_Width;
  Petal_Length WITH Petal_Width;
  %c#2%
  [Sepal_Length Sepal_Width Petal_Length Petal_Width];
  Sepal_Length Sepal_Width Petal_Length Petal_Width;
  Sepal_Length WITH Sepal_Width;
  Sepal_Length WITH Petal_Length;
  Sepal_Length WITH Petal_Width;
  Sepal_Width WITH Petal_Length;
  Sepal_Width WITH Petal_Width;
  Petal_Length WITH Petal_Width;
  %c#3%
  [Sepal_Length Sepal_Width Petal_Length Petal_Width];
  Sepal_Length Sepal_Width Petal_Length Petal_Width;
  Sepal_Length WITH Sepal_Width;
  Sepal_Length WITH Petal_Length;
  Sepal_Length WITH Petal_Width;
  Sepal_Width WITH Petal_Length;
  Sepal_Width WITH Petal_Width;
  Petal_Length WITH Petal_Width;
  %c#4%
  [Sepal_Length Sepal_Width Petal_Length Petal_Width];
  Sepal_Length Sepal_Width Petal_Length Petal_Width;
  Sepal_Length WITH Sepal_Width;
  Sepal_Length WITH Petal_Length;
  Sepal_Length WITH Petal_Width;
  Sepal_Width WITH Petal_Length;
  Sepal_Width WITH Petal_Width;
  Petal_Length WITH Petal_Width;
  %c#5%
  [Sepal_Length Sepal_Width Petal_Length Petal_Width];
  Sepal_Length Sepal_Width Petal_Length Petal_Width;
  Sepal_Length WITH Sepal_Width;
  Sepal_Length WITH Petal_Length;
  Sepal_Length WITH Petal_Width;
  Sepal_Width WITH Petal_Length;
  Sepal_Width WITH Petal_Width;
  Petal_Length WITH Petal_Width;
  %c#6%
  [Sepal_Length Sepal_Width Petal_Length Petal_Width];
  Sepal_Length Sepal_Width Petal_Length Petal_Width;
  Sepal_Length WITH Sepal_Width;
  Sepal_Length WITH Petal_Length;
  Sepal_Length WITH Petal_Width;
  Sepal_Width WITH Petal_Length;
  Sepal_Width WITH Petal_Width;
  Petal_Length WITH Petal_Width;
  %c#7%
  [Sepal_Length Sepal_Width Petal_Length Petal_Width];
  Sepal_Length Sepal_Width Petal_Length Petal_Width;
  Sepal_Length WITH Sepal_Width;
  Sepal_Length WITH Petal_Length;
  Sepal_Length WITH Petal_Width;
  Sepal_Width WITH Petal_Length;
  Sepal_Width WITH Petal_Width;
  Petal_Length WITH Petal_Width;
  ANALYSIS:
  Type is mixture;
  start = 600 100
  OUTPUT: TECH1 TECH11;



*** WARNING in VARIABLE command
  Note that only the first 8 characters of variable names are used in the output.
  Shorten variable names to avoid any confusion.
   1 WARNING(S) FOUND IN THE INPUT INSTRUCTIONS



test

SUMMARY OF ANALYSIS

Number of groups                                                 1
Number of observations                                         150

Number of dependent variables                                    4
Number of independent variables                                  0
Number of continuous latent variables                            0
Number of categorical latent variables                           1

Observed dependent variables

  Continuous
   SEPAL_LENG  SEPAL_WIDT  PETAL_LENG  PETAL_WIDT

Categorical latent variables
   C


Estimator                                                      MLR
Information matrix                                        OBSERVED
Optimization Specifications for the Quasi-Newton Algorithm for
Continuous Outcomes
  Maximum number of iterations                                 100
  Convergence criterion                                  0.100D-05
Optimization Specifications for the EM Algorithm
  Maximum number of iterations                                 500
  Convergence criteria
    Loglikelihood change                                 0.100D-06
    Relative loglikelihood change                        0.100D-06
    Derivative                                           0.100D-05
Optimization Specifications for the M step of the EM Algorithm for
Categorical Latent variables
  Number of M step iterations                                    1
  M step convergence criterion                           0.100D-05
  Basis for M step termination                           ITERATION
Optimization Specifications for the M step of the EM Algorithm for
Censored, Binary or Ordered Categorical (Ordinal), Unordered
Categorical (Nominal) and Count Outcomes
  Number of M step iterations                                    1
  M step convergence criterion                           0.100D-05
  Basis for M step termination                           ITERATION
  Maximum value for logit thresholds                            15
  Minimum value for logit thresholds                           -15
  Minimum expected cell size for chi-square              0.100D-01
Optimization algorithm                                         EMA
Random Starts Specifications
  Number of initial stage random starts                        600
  Number of final stage optimizations                          100
  Number of initial stage iterations                            10
  Initial stage convergence criterion                    0.100D+01
  Random starts scale                                    0.500D+01
  Random seed for generating random starts                       0

Input data file(s)
  d.dat
Input data format  FREE



UNIVARIATE SAMPLE STATISTICS


     UNIVARIATE HIGHER-ORDER MOMENT DESCRIPTIVE STATISTICS

         Variable/         Mean/     Skewness/   Minimum/ % with                Percentiles
        Sample Size      Variance    Kurtosis    Maximum  Min/Max      20%/60%    40%/80%    Median

     SEPAL_LENGTH          5.843       0.312       4.300    0.67%       5.000      5.600      5.800
             150.000       0.681      -0.574       7.900    0.67%       6.100      6.500
     SEPAL_WIDTH           3.057       0.316       2.000    0.67%       2.700      3.000      3.000
             150.000       0.189       0.181       4.400    0.67%       3.100      3.400
     PETAL_LENGTH          3.758      -0.272       1.000    0.67%       1.500      3.900      4.350
             150.000       3.096      -1.396       6.900    0.67%       4.600      5.300
     PETAL_WIDTH           1.199      -0.102       0.100    3.33%       0.200      1.100      1.300
             150.000       0.577      -1.336       2.500    2.00%       1.500      1.900

RANDOM STARTS RESULTS RANKED FROM THE BEST TO THE WORST LOGLIKELIHOOD VALUES

165 perturbed starting value run(s) did not converge in the initial stage
optimizations.

Final stage loglikelihood values at local maxima, seeds, and initial stage start numbers:

            -105.884  315029           471

99 perturbed starting value run(s) did not converge.



     WARNING:  THE BEST LOGLIKELIHOOD VALUE WAS NOT REPLICATED.  THE
     SOLUTION MAY NOT BE TRUSTWORTHY DUE TO LOCAL MAXIMA.  INCREASE THE
     NUMBER OF RANDOM STARTS.

     THE STANDARD ERRORS OF THE MODEL PARAMETER ESTIMATES MAY NOT BE
     TRUSTWORTHY FOR SOME PARAMETERS DUE TO A NON-POSITIVE DEFINITE
     FIRST-ORDER DERIVATIVE PRODUCT MATRIX.  THIS MAY BE DUE TO THE STARTING
     VALUES BUT MAY ALSO BE AN INDICATION OF MODEL NONIDENTIFICATION.  THE
     CONDITION NUMBER IS       0.625D-13.  PROBLEM INVOLVING THE FOLLOWING PARAMETER:
     Parameter 41, %C#3%: PETAL_WIDTH WITH PETAL_LENGTH


THE MODEL ESTIMATION TERMINATED NORMALLY



MODEL FIT INFORMATION

Number of Free Parameters                      104

Loglikelihood

          H0 Value                        -105.884
          H0 Scaling Correction Factor      0.9647
            for MLR

Information Criteria

          Akaike (AIC)                     419.769
          Bayesian (BIC)                   732.875
          Sample-Size Adjusted BIC         403.735
            (n* = (n + 2) / 24)



FINAL CLASS COUNTS AND PROPORTIONS FOR THE LATENT CLASSES
BASED ON THE ESTIMATED MODEL

    Latent
   Classes

       1         21.39793          0.14265
       2         23.92976          0.15953
       3          9.21222          0.06141
       4         28.60207          0.19068
       5         11.20432          0.07470
       6         18.49565          0.12330
       7         37.15804          0.24772


FINAL CLASS COUNTS AND PROPORTIONS FOR THE LATENT CLASSES
BASED ON ESTIMATED POSTERIOR PROBABILITIES

    Latent
   Classes

       1         21.39793          0.14265
       2         23.92976          0.15953
       3          9.21222          0.06141
       4         28.60207          0.19068
       5         11.20432          0.07470
       6         18.49565          0.12330
       7         37.15804          0.24772


FINAL CLASS COUNTS AND PROPORTIONS FOR THE LATENT CLASSES
BASED ON THEIR MOST LIKELY LATENT CLASS MEMBERSHIP

Class Counts and Proportions

    Latent
   Classes

       1               23          0.15333
       2               24          0.16000
       3               10          0.06667
       4               27          0.18000
       5               12          0.08000
       6               18          0.12000
       7               36          0.24000


CLASSIFICATION QUALITY

     Entropy                         0.935


Average Latent Class Probabilities for Most Likely Latent Class Membership (Row)
by Latent Class (Column)

           1        2        3        4        5        6        7

    1   0.874    0.000    0.000    0.126    0.000    0.000    0.000
    2   0.000    0.978    0.000    0.000    0.000    0.021    0.001
    3   0.000    0.000    0.917    0.000    0.000    0.000    0.083
    4   0.048    0.000    0.000    0.952    0.000    0.000    0.000
    5   0.000    0.000    0.000    0.000    0.931    0.016    0.053
    6   0.000    0.003    0.000    0.000    0.002    0.989    0.007
    7   0.000    0.011    0.001    0.000    0.000    0.000    0.987


Classification Probabilities for the Most Likely Latent Class Membership (Column)
by Latent Class (Row)

           1        2        3        4        5        6        7

    1   0.939    0.000    0.000    0.061    0.000    0.000    0.000
    2   0.000    0.980    0.000    0.000    0.000    0.002    0.017
    3   0.000    0.000    0.996    0.000    0.000    0.000    0.004
    4   0.101    0.000    0.000    0.899    0.000    0.000    0.000
    5   0.000    0.000    0.000    0.000    0.997    0.002    0.001
    6   0.000    0.027    0.000    0.000    0.010    0.962    0.000
    7   0.000    0.001    0.022    0.000    0.017    0.003    0.957


Logits for the Classification Probabilities for the Most Likely Latent Class Membership (Column)
by Latent Class (Row)

              1        2        3        4        5        6        7

    1     13.753    0.000    0.000   11.011    0.000    0.000    0.000
    2     -9.745    4.051   -9.745   -9.745   -6.251   -1.934    0.000
    3     -8.344   -8.344    5.467   -8.344   -8.344   -8.344    0.000
    4     11.526    0.000    0.000   13.709    0.000    0.000    0.000
    5     -6.399   -3.771   -6.399   -6.399    7.414    1.411    0.000
    6     -5.423    4.799   -5.423   -5.423    3.802    8.354    0.000
    7    -13.771   -7.089   -3.761  -13.771   -4.014   -5.707    0.000


MODEL RESULTS

                                                    Two-Tailed
                    Estimate       S.E.  Est./S.E.    P-Value

Latent Class 1

 SEPAL_LE WITH
    SEPAL_WIDT         0.067      0.024      2.783      0.005
    PETAL_LENG         0.043      0.016      2.738      0.006
    PETAL_WIDT         0.006      0.005      1.155      0.248

 SEPAL_WI WITH
    PETAL_LENG         0.008      0.011      0.705      0.481
    PETAL_WIDT         0.006      0.004      1.508      0.131

 PETAL_LE WITH
    PETAL_WIDT         0.003      0.002      1.328      0.184

 Means
    SEPAL_LENG         4.873      0.085     57.131      0.000
    SEPAL_WIDT         3.302      0.061     53.821      0.000
    PETAL_LENG         1.428      0.037     38.718      0.000
    PETAL_WIDT         0.200      0.012     17.025      0.000

 Variances
    SEPAL_LENG         0.135      0.037      3.696      0.000
    SEPAL_WIDT         0.066      0.015      4.395      0.000
    PETAL_LENG         0.027      0.010      2.589      0.010
    PETAL_WIDT         0.002      0.001      1.459      0.145

Latent Class 2

 SEPAL_LE WITH
    SEPAL_WIDT         0.178      0.037      4.761      0.000
    PETAL_LENG         0.322      0.057      5.615      0.000
    PETAL_WIDT         0.097      0.020      4.848      0.000

 SEPAL_WI WITH
    PETAL_LENG         0.120      0.026      4.520      0.000
    PETAL_WIDT         0.042      0.009      4.579      0.000

 PETAL_LE WITH
    PETAL_WIDT         0.081      0.030      2.745      0.006

 Means
    SEPAL_LENG         5.968      0.144     41.464      0.000
    SEPAL_WIDT         2.696      0.063     42.530      0.000
    PETAL_LENG         4.064      0.146     27.758      0.000
    PETAL_WIDT         1.252      0.055     22.643      0.000

 Variances
    SEPAL_LENG         0.425      0.072      5.865      0.000
    SEPAL_WIDT         0.094      0.022      4.328      0.000
    PETAL_LENG         0.279      0.073      3.836      0.000
    PETAL_WIDT         0.031      0.013      2.330      0.020

Latent Class 3

 SEPAL_LE WITH
    SEPAL_WIDT         0.037      0.024      1.541      0.123
    PETAL_LENG         0.155      0.076      2.042      0.041
    PETAL_WIDT         0.023      0.036      0.659      0.510

 SEPAL_WI WITH
    PETAL_LENG         0.026      0.020      1.314      0.189
    PETAL_WIDT         0.017      0.010      1.700      0.089

 PETAL_LE WITH
    PETAL_WIDT         0.000      0.035      0.008      0.994

 Means
    SEPAL_LENG         5.861      0.149     39.323      0.000
    SEPAL_WIDT         2.705      0.047     58.005      0.000
    PETAL_LENG         5.196      0.124     41.790      0.000
    PETAL_WIDT         1.937      0.098     19.759      0.000

 Variances
    SEPAL_LENG         0.192      0.106      1.812      0.070
    SEPAL_WIDT         0.017      0.007      2.568      0.010
    PETAL_LENG         0.132      0.054      2.440      0.015
    PETAL_WIDT         0.071      0.036      1.979      0.048

Latent Class 4

 SEPAL_LE WITH
    SEPAL_WIDT         0.098      0.033      2.991      0.003
    PETAL_LENG        -0.010      0.010     -0.951      0.342
    PETAL_WIDT         0.005      0.005      1.018      0.309

 SEPAL_WI WITH
    PETAL_LENG         0.009      0.012      0.717      0.474
    PETAL_WIDT         0.004      0.008      0.479      0.632

 PETAL_LE WITH
    PETAL_WIDT         0.006      0.003      1.839      0.066

 Means
    SEPAL_LENG         5.106      0.059     86.409      0.000
    SEPAL_WIDT         3.523      0.083     42.400      0.000
    PETAL_LENG         1.487      0.033     45.344      0.000
    PETAL_WIDT         0.280      0.024     11.552      0.000

 Variances
    SEPAL_LENG         0.088      0.023      3.888      0.000
    SEPAL_WIDT         0.176      0.058      3.052      0.002
    PETAL_LENG         0.030      0.008      3.520      0.000
    PETAL_WIDT         0.015      0.004      3.870      0.000

Latent Class 5

 SEPAL_LE WITH
    SEPAL_WIDT        -0.009      0.018     -0.527      0.598
    PETAL_LENG         0.024      0.016      1.505      0.132
    PETAL_WIDT         0.017      0.015      1.188      0.235

 SEPAL_WI WITH
    PETAL_LENG         0.142      0.063      2.250      0.024
    PETAL_WIDT         0.133      0.056      2.379      0.017

 PETAL_LE WITH
    PETAL_WIDT         0.158      0.067      2.364      0.018

 Means
    SEPAL_LENG         6.149      0.046    133.394      0.000
    SEPAL_WIDT         2.795      0.131     21.361      0.000
    PETAL_LENG         4.796      0.131     36.562      0.000
    PETAL_WIDT         1.736      0.118     14.766      0.000

 Variances
    SEPAL_LENG         0.020      0.006      3.270      0.001
    SEPAL_WIDT         0.178      0.050      3.543      0.000
    PETAL_LENG         0.177      0.076      2.342      0.019
    PETAL_WIDT         0.143      0.060      2.408      0.016

Latent Class 6

 SEPAL_LE WITH
    SEPAL_WIDT         0.036      0.016      2.326      0.020
    PETAL_LENG         0.047      0.019      2.504      0.012
    PETAL_WIDT         0.013      0.010      1.366      0.172

 SEPAL_WI WITH
    PETAL_LENG         0.022      0.011      1.946      0.052
    PETAL_WIDT         0.024      0.008      2.835      0.005

 PETAL_LE WITH
    PETAL_WIDT         0.015      0.008      1.925      0.054

 Means
    SEPAL_LENG         5.806      0.076     75.936      0.000
    SEPAL_WIDT         2.928      0.050     58.871      0.000
    PETAL_LENG         4.361      0.062     70.174      0.000
    PETAL_WIDT         1.360      0.035     38.491      0.000

 Variances
    SEPAL_LENG         0.095      0.027      3.499      0.000
    SEPAL_WIDT         0.043      0.014      3.083      0.002
    PETAL_LENG         0.059      0.015      3.975      0.000
    PETAL_WIDT         0.023      0.007      3.189      0.001

Latent Class 7

 SEPAL_LE WITH
    SEPAL_WIDT         0.065      0.040      1.611      0.107
    PETAL_LENG         0.247      0.053      4.672      0.000
    PETAL_WIDT         0.050      0.028      1.804      0.071

 SEPAL_WI WITH
    PETAL_LENG         0.057      0.039      1.450      0.147
    PETAL_WIDT         0.051      0.018      2.871      0.004

 PETAL_LE WITH
    PETAL_WIDT         0.060      0.032      1.860      0.063

 Means
    SEPAL_LENG         6.812      0.099     68.900      0.000
    SEPAL_WIDT         3.022      0.057     53.180      0.000
    PETAL_LENG         5.681      0.112     50.725      0.000
    PETAL_WIDT         2.024      0.059     34.085      0.000

 Variances
    SEPAL_LENG         0.291      0.056      5.213      0.000
    SEPAL_WIDT         0.103      0.030      3.462      0.001
    PETAL_LENG         0.292      0.063      4.643      0.000
    PETAL_WIDT         0.084      0.017      4.979      0.000

Categorical Latent Variables

 Means
    C#1               -0.552      0.313     -1.765      0.078
    C#2               -0.440      0.321     -1.372      0.170
    C#3               -1.395      0.406     -3.437      0.001
    C#4               -0.262      0.281     -0.932      0.351
    C#5               -1.199      0.380     -3.158      0.002
    C#6               -0.698      0.308     -2.266      0.023


QUALITY OF NUMERICAL RESULTS

     Condition Number for the Information Matrix              0.625E-13
       (ratio of smallest to largest eigenvalue)


TECHNICAL 1 OUTPUT


     PARAMETER SPECIFICATION FOR LATENT CLASS 1


           NU
              SEPAL_LE      SEPAL_WI      PETAL_LE      PETAL_WI
              ________      ________      ________      ________
                    1             2             3             4


           THETA
              SEPAL_LE      SEPAL_WI      PETAL_LE      PETAL_WI
              ________      ________      ________      ________
 SEPAL_LE           5
 SEPAL_WI           6             7
 PETAL_LE           8             9            10
 PETAL_WI          11            12            13            14


     PARAMETER SPECIFICATION FOR LATENT CLASS 2


           NU
              SEPAL_LE      SEPAL_WI      PETAL_LE      PETAL_WI
              ________      ________      ________      ________
                   15            16            17            18


           THETA
              SEPAL_LE      SEPAL_WI      PETAL_LE      PETAL_WI
              ________      ________      ________      ________
 SEPAL_LE          19
 SEPAL_WI          20            21
 PETAL_LE          22            23            24
 PETAL_WI          25            26            27            28


     PARAMETER SPECIFICATION FOR LATENT CLASS 3


           NU
              SEPAL_LE      SEPAL_WI      PETAL_LE      PETAL_WI
              ________      ________      ________      ________
                   29            30            31            32


           THETA
              SEPAL_LE      SEPAL_WI      PETAL_LE      PETAL_WI
              ________      ________      ________      ________
 SEPAL_LE          33
 SEPAL_WI          34            35
 PETAL_LE          36            37            38
 PETAL_WI          39            40            41            42


     PARAMETER SPECIFICATION FOR LATENT CLASS 4


           NU
              SEPAL_LE      SEPAL_WI      PETAL_LE      PETAL_WI
              ________      ________      ________      ________
                   43            44            45            46


           THETA
              SEPAL_LE      SEPAL_WI      PETAL_LE      PETAL_WI
              ________      ________      ________      ________
 SEPAL_LE          47
 SEPAL_WI          48            49
 PETAL_LE          50            51            52
 PETAL_WI          53            54            55            56


     PARAMETER SPECIFICATION FOR LATENT CLASS 5


           NU
              SEPAL_LE      SEPAL_WI      PETAL_LE      PETAL_WI
              ________      ________      ________      ________
                   57            58            59            60


           THETA
              SEPAL_LE      SEPAL_WI      PETAL_LE      PETAL_WI
              ________      ________      ________      ________
 SEPAL_LE          61
 SEPAL_WI          62            63
 PETAL_LE          64            65            66
 PETAL_WI          67            68            69            70


     PARAMETER SPECIFICATION FOR LATENT CLASS 6


           NU
              SEPAL_LE      SEPAL_WI      PETAL_LE      PETAL_WI
              ________      ________      ________      ________
                   71            72            73            74


           THETA
              SEPAL_LE      SEPAL_WI      PETAL_LE      PETAL_WI
              ________      ________      ________      ________
 SEPAL_LE          75
 SEPAL_WI          76            77
 PETAL_LE          78            79            80
 PETAL_WI          81            82            83            84


     PARAMETER SPECIFICATION FOR LATENT CLASS 7


           NU
              SEPAL_LE      SEPAL_WI      PETAL_LE      PETAL_WI
              ________      ________      ________      ________
                   85            86            87            88


           THETA
              SEPAL_LE      SEPAL_WI      PETAL_LE      PETAL_WI
              ________      ________      ________      ________
 SEPAL_LE          89
 SEPAL_WI          90            91
 PETAL_LE          92            93            94
 PETAL_WI          95            96            97            98


     PARAMETER SPECIFICATION FOR LATENT CLASS REGRESSION MODEL PART


           ALPHA(C)
              C#1           C#2           C#3           C#4           C#5
              ________      ________      ________      ________      ________
                   99           100           101           102           103


           ALPHA(C)
              C#6           C#7
              ________      ________
                  104             0


     STARTING VALUES FOR LATENT CLASS 1


           NU
              SEPAL_LE      SEPAL_WI      PETAL_LE      PETAL_WI
              ________      ________      ________      ________
                4.193         2.189         0.239        -0.320


           THETA
              SEPAL_LE      SEPAL_WI      PETAL_LE      PETAL_WI
              ________      ________      ________      ________
 SEPAL_LE       0.341
 SEPAL_WI       0.000         0.094
 PETAL_LE       0.000         0.000         1.548
 PETAL_WI       0.000         0.000         0.000         0.289


     STARTING VALUES FOR LATENT CLASS 2


           NU
              SEPAL_LE      SEPAL_WI      PETAL_LE      PETAL_WI
              ________      ________      ________      ________
                5.018         2.623         1.999         0.440


           THETA
              SEPAL_LE      SEPAL_WI      PETAL_LE      PETAL_WI
              ________      ________      ________      ________
 SEPAL_LE       0.341
 SEPAL_WI       0.000         0.094
 PETAL_LE       0.000         0.000         1.548
 PETAL_WI       0.000         0.000         0.000         0.289


     STARTING VALUES FOR LATENT CLASS 3


           NU
              SEPAL_LE      SEPAL_WI      PETAL_LE      PETAL_WI
              ________      ________      ________      ________
                5.843         3.057         3.758         1.199


           THETA
              SEPAL_LE      SEPAL_WI      PETAL_LE      PETAL_WI
              ________      ________      ________      ________
 SEPAL_LE       0.341
 SEPAL_WI       0.000         0.094
 PETAL_LE       0.000         0.000         1.548
 PETAL_WI       0.000         0.000         0.000         0.289


     STARTING VALUES FOR LATENT CLASS 4


           NU
              SEPAL_LE      SEPAL_WI      PETAL_LE      PETAL_WI
              ________      ________      ________      ________
                5.843         3.057         3.758         1.199


           THETA
              SEPAL_LE      SEPAL_WI      PETAL_LE      PETAL_WI
              ________      ________      ________      ________
 SEPAL_LE       0.341
 SEPAL_WI       0.000         0.094
 PETAL_LE       0.000         0.000         1.548
 PETAL_WI       0.000         0.000         0.000         0.289


     STARTING VALUES FOR LATENT CLASS 5


           NU
              SEPAL_LE      SEPAL_WI      PETAL_LE      PETAL_WI
              ________      ________      ________      ________
                5.843         3.057         3.758         1.199


           THETA
              SEPAL_LE      SEPAL_WI      PETAL_LE      PETAL_WI
              ________      ________      ________      ________
 SEPAL_LE       0.341
 SEPAL_WI       0.000         0.094
 PETAL_LE       0.000         0.000         1.548
 PETAL_WI       0.000         0.000         0.000         0.289


     STARTING VALUES FOR LATENT CLASS 6


           NU
              SEPAL_LE      SEPAL_WI      PETAL_LE      PETAL_WI
              ________      ________      ________      ________
                6.669         3.492         5.517         1.959


           THETA
              SEPAL_LE      SEPAL_WI      PETAL_LE      PETAL_WI
              ________      ________      ________      ________
 SEPAL_LE       0.341
 SEPAL_WI       0.000         0.094
 PETAL_LE       0.000         0.000         1.548
 PETAL_WI       0.000         0.000         0.000         0.289


     STARTING VALUES FOR LATENT CLASS 7


           NU
              SEPAL_LE      SEPAL_WI      PETAL_LE      PETAL_WI
              ________      ________      ________      ________
                7.494         3.926         7.277         2.719


           THETA
              SEPAL_LE      SEPAL_WI      PETAL_LE      PETAL_WI
              ________      ________      ________      ________
 SEPAL_LE       0.341
 SEPAL_WI       0.000         0.094
 PETAL_LE       0.000         0.000         1.548
 PETAL_WI       0.000         0.000         0.000         0.289


     STARTING VALUES FOR LATENT CLASS REGRESSION MODEL PART


           ALPHA(C)
              C#1           C#2           C#3           C#4           C#5
              ________      ________      ________      ________      ________
                0.000         0.000         0.000         0.000         0.000


           ALPHA(C)
              C#6           C#7
              ________      ________
                0.000         0.000


TECHNICAL 11 OUTPUT

     Random Starts Specifications for the k-1 Class Analysis Model
        Number of initial stage random starts                 600
        Number of final stage optimizations                   100



     VUONG-LO-MENDELL-RUBIN LIKELIHOOD RATIO TEST FOR 6 (H0) VERSUS 7 CLASSES

          H0 Loglikelihood Value                         -126.534
          2 Times the Loglikelihood Difference             41.299
          Difference in the Number of Parameters               15
          Mean                                             28.160
          Standard Deviation                               55.156
          P-Value                                          0.4059

     LO-MENDELL-RUBIN ADJUSTED LRT TEST

          Value                                            40.757
          P-Value                                          0.4097


     Beginning Time:  15:33:42
        Ending Time:  15:34:53
       Elapsed Time:  00:01:11



MUTHEN & MUTHEN
3463 Stoner Ave.
Los Angeles, CA  90066

Tel: (310) 391-9971
Fax: (310) 391-8971
Web: www.StatModel.com
Support: Support@StatModel.com

Copyright (c) 1998-2017 Muthen & Muthen
