Mplus VERSION 8 (Mac)
MUTHEN & MUTHEN
01/01/2018  12:22 PM

INPUT INSTRUCTIONS

  TITLE: test
  DATA: File is d.dat;
  VARIABLE:
  Names are eruptions waiting;
  Classes = c(2);
  MODEL:
  %overall%
  [eruptions waiting];
  eruptions waiting;
  eruptions WITH waiting;
  %c#1%
  [eruptions waiting];
  eruptions waiting;
  eruptions WITH waiting;
  %c#2%
  [eruptions waiting];
  eruptions waiting;
  eruptions WITH waiting;
  ANALYSIS: Type is mixture;
  OUTPUT: TECH1 TECH11;



*** WARNING in VARIABLE command
  Note that only the first 8 characters of variable names are used in the output.
  Shorten variable names to avoid any confusion.
   1 WARNING(S) FOUND IN THE INPUT INSTRUCTIONS



test

SUMMARY OF ANALYSIS

Number of groups                                                 1
Number of observations                                         272

Number of dependent variables                                    2
Number of independent variables                                  0
Number of continuous latent variables                            0
Number of categorical latent variables                           1

Observed dependent variables

  Continuous
   ERUPTIONS   WAITING

Categorical latent variables
   C


Estimator                                                      MLR
Information matrix                                        OBSERVED
Optimization Specifications for the Quasi-Newton Algorithm for
Continuous Outcomes
  Maximum number of iterations                                 100
  Convergence criterion                                  0.100D-05
Optimization Specifications for the EM Algorithm
  Maximum number of iterations                                 500
  Convergence criteria
    Loglikelihood change                                 0.100D-06
    Relative loglikelihood change                        0.100D-06
    Derivative                                           0.100D-05
Optimization Specifications for the M step of the EM Algorithm for
Categorical Latent variables
  Number of M step iterations                                    1
  M step convergence criterion                           0.100D-05
  Basis for M step termination                           ITERATION
Optimization Specifications for the M step of the EM Algorithm for
Censored, Binary or Ordered Categorical (Ordinal), Unordered
Categorical (Nominal) and Count Outcomes
  Number of M step iterations                                    1
  M step convergence criterion                           0.100D-05
  Basis for M step termination                           ITERATION
  Maximum value for logit thresholds                            15
  Minimum value for logit thresholds                           -15
  Minimum expected cell size for chi-square              0.100D-01
Optimization algorithm                                         EMA
Random Starts Specifications
  Number of initial stage random starts                         20
  Number of final stage optimizations                            4
  Number of initial stage iterations                            10
  Initial stage convergence criterion                    0.100D+01
  Random starts scale                                    0.500D+01
  Random seed for generating random starts                       0

Input data file(s)
  d.dat
Input data format  FREE



UNIVARIATE SAMPLE STATISTICS


     UNIVARIATE HIGHER-ORDER MOMENT DESCRIPTIVE STATISTICS

         Variable/         Mean/     Skewness/   Minimum/ % with                Percentiles
        Sample Size      Variance    Kurtosis    Maximum  Min/Max      20%/60%    40%/80%    Median

     ERUPTIONS             3.488      -0.416       1.600    0.37%       2.000      3.600      4.000
             272.000       1.298      -1.501       5.100    0.37%       4.167      4.533
     WAITING              70.897      -0.416      43.000    0.37%      55.000     71.000     76.000
             272.000     184.144      -1.143      96.000    0.37%      78.000     83.000

RANDOM STARTS RESULTS RANKED FROM THE BEST TO THE WORST LOGLIKELIHOOD VALUES

Final stage loglikelihood values at local maxima, seeds, and initial stage start numbers:

           -1130.264  939021           8
           -1130.264  533738           11
           -1130.264  399671           13
           -1130.264  unperturbed      0



THE BEST LOGLIKELIHOOD VALUE HAS BEEN REPLICATED.  RERUN WITH AT LEAST TWICE THE
RANDOM STARTS TO CHECK THAT THE BEST LOGLIKELIHOOD IS STILL OBTAINED AND REPLICATED.


THE MODEL ESTIMATION TERMINATED NORMALLY



MODEL FIT INFORMATION

Number of Free Parameters                       11

Loglikelihood

          H0 Value                       -1130.264
          H0 Scaling Correction Factor      1.0429
            for MLR

Information Criteria

          Akaike (AIC)                    2282.528
          Bayesian (BIC)                  2322.192
          Sample-Size Adjusted BIC        2287.314
            (n* = (n + 2) / 24)



FINAL CLASS COUNTS AND PROPORTIONS FOR THE LATENT CLASSES
BASED ON THE ESTIMATED MODEL

    Latent
   Classes

       1         96.79742          0.35587
       2        175.20258          0.64413


FINAL CLASS COUNTS AND PROPORTIONS FOR THE LATENT CLASSES
BASED ON ESTIMATED POSTERIOR PROBABILITIES

    Latent
   Classes

       1         96.79742          0.35587
       2        175.20258          0.64413


FINAL CLASS COUNTS AND PROPORTIONS FOR THE LATENT CLASSES
BASED ON THEIR MOST LIKELY LATENT CLASS MEMBERSHIP

Class Counts and Proportions

    Latent
   Classes

       1               97          0.35662
       2              175          0.64338


CLASSIFICATION QUALITY

     Entropy                         0.996


Average Latent Class Probabilities for Most Likely Latent Class Membership (Row)
by Latent Class (Column)

           1        2

    1   0.998    0.002
    2   0.000    1.000


Classification Probabilities for the Most Likely Latent Class Membership (Column)
by Latent Class (Row)

           1        2

    1   1.000    0.000
    2   0.001    0.999


Logits for the Classification Probabilities for the Most Likely Latent Class Membership (Column)
by Latent Class (Row)

              1        2

    1      8.754    0.000
    2     -6.689    0.000


MODEL RESULTS

                                                    Two-Tailed
                    Estimate       S.E.  Est./S.E.    P-Value

Latent Class 1

 ERUPTION WITH
    WAITING            0.435      0.168      2.588      0.010

 Means
    ERUPTIONS          2.036      0.028     71.632      0.000
    WAITING           54.479      0.597     91.307      0.000

 Variances
    ERUPTIONS          0.069      0.014      4.976      0.000
    WAITING           33.697      4.315      7.810      0.000

Latent Class 2

 ERUPTION WITH
    WAITING            0.941      0.253      3.718      0.000

 Means
    ERUPTIONS          4.290      0.032    134.294      0.000
    WAITING           79.968      0.461    173.524      0.000

 Variances
    ERUPTIONS          0.170      0.019      9.018      0.000
    WAITING           36.046      4.111      8.769      0.000

Categorical Latent Variables

 Means
    C#1               -0.593      0.127     -4.673      0.000


QUALITY OF NUMERICAL RESULTS

     Condition Number for the Information Matrix              0.437E-03
       (ratio of smallest to largest eigenvalue)


TECHNICAL 1 OUTPUT


     PARAMETER SPECIFICATION FOR LATENT CLASS 1


           NU
              ERUPTION      WAITING
              ________      ________
                    1             2


           THETA
              ERUPTION      WAITING
              ________      ________
 ERUPTION           3
 WAITING            4             5


     PARAMETER SPECIFICATION FOR LATENT CLASS 2


           NU
              ERUPTION      WAITING
              ________      ________
                    6             7


           THETA
              ERUPTION      WAITING
              ________      ________
 ERUPTION           8
 WAITING            9            10


     PARAMETER SPECIFICATION FOR LATENT CLASS REGRESSION MODEL PART


           ALPHA(C)
              C#1           C#2
              ________      ________
                   11             0


     STARTING VALUES FOR LATENT CLASS 1


           NU
              ERUPTION      WAITING
              ________      ________
                2.349        57.327


           THETA
              ERUPTION      WAITING
              ________      ________
 ERUPTION       0.649
 WAITING        0.000        92.072


     STARTING VALUES FOR LATENT CLASS 2


           NU
              ERUPTION      WAITING
              ________      ________
                4.627        84.467


           THETA
              ERUPTION      WAITING
              ________      ________
 ERUPTION       0.649
 WAITING        0.000        92.072


     STARTING VALUES FOR LATENT CLASS REGRESSION MODEL PART


           ALPHA(C)
              C#1           C#2
              ________      ________
                0.000         0.000


TECHNICAL 11 OUTPUT

     Random Starts Specifications for the k-1 Class Analysis Model
        Number of initial stage random starts                  20
        Number of final stage optimizations                     4



     VUONG-LO-MENDELL-RUBIN LIKELIHOOD RATIO TEST FOR 1 (H0) VERSUS 2 CLASSES

          H0 Loglikelihood Value                        -1289.797
          2 Times the Loglikelihood Difference            319.066
          Difference in the Number of Parameters                6
          Mean                                             11.098
          Standard Deviation                                8.761
          P-Value                                          0.0000

     LO-MENDELL-RUBIN ADJUSTED LRT TEST

          Value                                           309.853
          P-Value                                          0.0000


     Beginning Time:  12:22:08
        Ending Time:  12:22:08
       Elapsed Time:  00:00:00



MUTHEN & MUTHEN
3463 Stoner Ave.
Los Angeles, CA  90066

Tel: (310) 391-9971
Fax: (310) 391-8971
Web: www.StatModel.com
Support: Support@StatModel.com

Copyright (c) 1998-2017 Muthen & Muthen
