Mplus VERSION 8 (Mac)
MUTHEN & MUTHEN
01/05/2018   2:19 PM

INPUT INSTRUCTIONS

  TITLE: test
  DATA: File is d.dat;
  VARIABLE:
  Names are Sepal_Length Sepal_Width Petal_Length Petal_Width;
  Classes = c(2);
  MODEL:
  %overall%
  [Sepal_Length Sepal_Width Petal_Length Petal_Width];
  Sepal_Length Sepal_Width Petal_Length Petal_Width;
  Sepal_Length WITH Sepal_Width@0;
  Sepal_Length WITH Petal_Length@0;
  Sepal_Length WITH Petal_Width@0;
  Sepal_Width WITH Petal_Length@0;
  Sepal_Width WITH Petal_Width@0;
  Petal_Length WITH Petal_Width@0;
  %c#1%
  [Sepal_Length Sepal_Width Petal_Length Petal_Width];
  Sepal_Length Sepal_Width Petal_Length Petal_Width(1-4);
  Sepal_Length WITH Sepal_Width@0;
  Sepal_Length WITH Petal_Length@0;
  Sepal_Length WITH Petal_Width@0;
  Sepal_Width WITH Petal_Length@0;
  Sepal_Width WITH Petal_Width@0;
  Petal_Length WITH Petal_Width@0;
  %c#2%
  [Sepal_Length Sepal_Width Petal_Length Petal_Width];
  Sepal_Length Sepal_Width Petal_Length Petal_Width(1-4);
  Sepal_Length WITH Sepal_Width@0;
  Sepal_Length WITH Petal_Length@0;
  Sepal_Length WITH Petal_Width@0;
  Sepal_Width WITH Petal_Length@0;
  Sepal_Width WITH Petal_Width@0;
  Petal_Length WITH Petal_Width@0;
  ANALYSIS:
  Type is mixture;
  start = 20 4
  OUTPUT: TECH1 TECH11;



*** WARNING in VARIABLE command
  Note that only the first 8 characters of variable names are used in the output.
  Shorten variable names to avoid any confusion.
   1 WARNING(S) FOUND IN THE INPUT INSTRUCTIONS



test

SUMMARY OF ANALYSIS

Number of groups                                                 1
Number of observations                                         150

Number of dependent variables                                    4
Number of independent variables                                  0
Number of continuous latent variables                            0
Number of categorical latent variables                           1

Observed dependent variables

  Continuous
   SEPAL_LENG  SEPAL_WIDT  PETAL_LENG  PETAL_WIDT

Categorical latent variables
   C


Estimator                                                      MLR
Information matrix                                        OBSERVED
Optimization Specifications for the Quasi-Newton Algorithm for
Continuous Outcomes
  Maximum number of iterations                                 100
  Convergence criterion                                  0.100D-05
Optimization Specifications for the EM Algorithm
  Maximum number of iterations                                 500
  Convergence criteria
    Loglikelihood change                                 0.100D-06
    Relative loglikelihood change                        0.100D-06
    Derivative                                           0.100D-05
Optimization Specifications for the M step of the EM Algorithm for
Categorical Latent variables
  Number of M step iterations                                    1
  M step convergence criterion                           0.100D-05
  Basis for M step termination                           ITERATION
Optimization Specifications for the M step of the EM Algorithm for
Censored, Binary or Ordered Categorical (Ordinal), Unordered
Categorical (Nominal) and Count Outcomes
  Number of M step iterations                                    1
  M step convergence criterion                           0.100D-05
  Basis for M step termination                           ITERATION
  Maximum value for logit thresholds                            15
  Minimum value for logit thresholds                           -15
  Minimum expected cell size for chi-square              0.100D-01
Optimization algorithm                                         EMA
Random Starts Specifications
  Number of initial stage random starts                         20
  Number of final stage optimizations                            4
  Number of initial stage iterations                            10
  Initial stage convergence criterion                    0.100D+01
  Random starts scale                                    0.500D+01
  Random seed for generating random starts                       0

Input data file(s)
  d.dat
Input data format  FREE



UNIVARIATE SAMPLE STATISTICS


     UNIVARIATE HIGHER-ORDER MOMENT DESCRIPTIVE STATISTICS

         Variable/         Mean/     Skewness/   Minimum/ % with                Percentiles
        Sample Size      Variance    Kurtosis    Maximum  Min/Max      20%/60%    40%/80%    Median

     SEPAL_LENGTH          5.843       0.312       4.300    0.67%       5.000      5.600      5.800
             150.000       0.681      -0.574       7.900    0.67%       6.100      6.500
     SEPAL_WIDTH           3.057       0.316       2.000    0.67%       2.700      3.000      3.000
             150.000       0.189       0.181       4.400    0.67%       3.100      3.400
     PETAL_LENGTH          3.758      -0.272       1.000    0.67%       1.500      3.900      4.350
             150.000       3.096      -1.396       6.900    0.67%       4.600      5.300
     PETAL_WIDTH           1.199      -0.102       0.100    3.33%       0.200      1.100      1.300
             150.000       0.577      -1.336       2.500    2.00%       1.500      1.900

RANDOM STARTS RESULTS RANKED FROM THE BEST TO THE WORST LOGLIKELIHOOD VALUES

Final stage loglikelihood values at local maxima, seeds, and initial stage start numbers:

            -488.915  253358           2
            -488.915  68985            17
            -488.915  76974            16
            -488.915  573096           20



THE BEST LOGLIKELIHOOD VALUE HAS BEEN REPLICATED.  RERUN WITH AT LEAST TWICE THE
RANDOM STARTS TO CHECK THAT THE BEST LOGLIKELIHOOD IS STILL OBTAINED AND REPLICATED.


THE MODEL ESTIMATION TERMINATED NORMALLY



MODEL FIT INFORMATION

Number of Free Parameters                       13

Loglikelihood

          H0 Value                        -488.915
          H0 Scaling Correction Factor      0.9851
            for MLR

Information Criteria

          Akaike (AIC)                    1003.830
          Bayesian (BIC)                  1042.968
          Sample-Size Adjusted BIC        1001.825
            (n* = (n + 2) / 24)



FINAL CLASS COUNTS AND PROPORTIONS FOR THE LATENT CLASSES
BASED ON THE ESTIMATED MODEL

    Latent
   Classes

       1         50.27148          0.33514
       2         99.72852          0.66486


FINAL CLASS COUNTS AND PROPORTIONS FOR THE LATENT CLASSES
BASED ON ESTIMATED POSTERIOR PROBABILITIES

    Latent
   Classes

       1         50.27148          0.33514
       2         99.72852          0.66486


FINAL CLASS COUNTS AND PROPORTIONS FOR THE LATENT CLASSES
BASED ON THEIR MOST LIKELY LATENT CLASS MEMBERSHIP

Class Counts and Proportions

    Latent
   Classes

       1               50          0.33333
       2              100          0.66667


CLASSIFICATION QUALITY

     Entropy                         0.991


Average Latent Class Probabilities for Most Likely Latent Class Membership (Row)
by Latent Class (Column)

           1        2

    1   1.000    0.000
    2   0.003    0.997


Classification Probabilities for the Most Likely Latent Class Membership (Column)
by Latent Class (Row)

           1        2

    1   0.995    0.005
    2   0.000    1.000


Logits for the Classification Probabilities for the Most Likely Latent Class Membership (Column)
by Latent Class (Row)

              1        2

    1      5.216    0.000
    2    -13.816    0.000


MODEL RESULTS

                                                    Two-Tailed
                    Estimate       S.E.  Est./S.E.    P-Value

Latent Class 1

 SEPAL_LE WITH
    SEPAL_WIDT         0.000      0.000    999.000    999.000
    PETAL_LENG         0.000      0.000    999.000    999.000
    PETAL_WIDT         0.000      0.000    999.000    999.000

 SEPAL_WI WITH
    PETAL_LENG         0.000      0.000    999.000    999.000
    PETAL_WIDT         0.000      0.000    999.000    999.000

 PETAL_LE WITH
    PETAL_WIDT         0.000      0.000    999.000    999.000

 Means
    SEPAL_LENG         5.006      0.049    102.032      0.000
    SEPAL_WIDT         3.423      0.055     61.909      0.000
    PETAL_LENG         1.471      0.026     55.788      0.000
    PETAL_WIDT         0.250      0.016     15.938      0.000

 Variances
    SEPAL_LENG         0.328      0.042      7.853      0.000
    SEPAL_WIDT         0.121      0.017      7.347      0.000
    PETAL_LENG         0.459      0.063      7.340      0.000
    PETAL_WIDT         0.123      0.013      9.126      0.000

Latent Class 2

 SEPAL_LE WITH
    SEPAL_WIDT         0.000      0.000    999.000    999.000
    PETAL_LENG         0.000      0.000    999.000    999.000
    PETAL_WIDT         0.000      0.000    999.000    999.000

 SEPAL_WI WITH
    PETAL_LENG         0.000      0.000    999.000    999.000
    PETAL_WIDT         0.000      0.000    999.000    999.000

 PETAL_LE WITH
    PETAL_WIDT         0.000      0.000    999.000    999.000

 Means
    SEPAL_LENG         6.265      0.068     92.358      0.000
    SEPAL_WIDT         2.873      0.034     85.125      0.000
    PETAL_LENG         4.911      0.085     57.798      0.000
    PETAL_WIDT         1.678      0.043     38.643      0.000

 Variances
    SEPAL_LENG         0.328      0.042      7.853      0.000
    SEPAL_WIDT         0.121      0.017      7.347      0.000
    PETAL_LENG         0.459      0.063      7.340      0.000
    PETAL_WIDT         0.123      0.013      9.126      0.000

Categorical Latent Variables

 Means
    C#1               -0.685      0.175     -3.924      0.000


QUALITY OF NUMERICAL RESULTS

     Condition Number for the Information Matrix              0.810E-03
       (ratio of smallest to largest eigenvalue)


TECHNICAL 1 OUTPUT


     PARAMETER SPECIFICATION FOR LATENT CLASS 1


           NU
              SEPAL_LE      SEPAL_WI      PETAL_LE      PETAL_WI
              ________      ________      ________      ________
                    1             2             3             4


           THETA
              SEPAL_LE      SEPAL_WI      PETAL_LE      PETAL_WI
              ________      ________      ________      ________
 SEPAL_LE           5
 SEPAL_WI           0             6
 PETAL_LE           0             0             7
 PETAL_WI           0             0             0             8


     PARAMETER SPECIFICATION FOR LATENT CLASS 2


           NU
              SEPAL_LE      SEPAL_WI      PETAL_LE      PETAL_WI
              ________      ________      ________      ________
                    9            10            11            12


           THETA
              SEPAL_LE      SEPAL_WI      PETAL_LE      PETAL_WI
              ________      ________      ________      ________
 SEPAL_LE           5
 SEPAL_WI           0             6
 PETAL_LE           0             0             7
 PETAL_WI           0             0             0             8


     PARAMETER SPECIFICATION FOR LATENT CLASS REGRESSION MODEL PART


           ALPHA(C)
              C#1           C#2
              ________      ________
                   13             0


     STARTING VALUES FOR LATENT CLASS 1


           NU
              SEPAL_LE      SEPAL_WI      PETAL_LE      PETAL_WI
              ________      ________      ________      ________
                5.018         2.623         1.999         0.440


           THETA
              SEPAL_LE      SEPAL_WI      PETAL_LE      PETAL_WI
              ________      ________      ________      ________
 SEPAL_LE       0.341
 SEPAL_WI       0.000         0.094
 PETAL_LE       0.000         0.000         1.548
 PETAL_WI       0.000         0.000         0.000         0.289


     STARTING VALUES FOR LATENT CLASS 2


           NU
              SEPAL_LE      SEPAL_WI      PETAL_LE      PETAL_WI
              ________      ________      ________      ________
                6.669         3.492         5.517         1.959


           THETA
              SEPAL_LE      SEPAL_WI      PETAL_LE      PETAL_WI
              ________      ________      ________      ________
 SEPAL_LE       0.341
 SEPAL_WI       0.000         0.094
 PETAL_LE       0.000         0.000         1.548
 PETAL_WI       0.000         0.000         0.000         0.289


     STARTING VALUES FOR LATENT CLASS REGRESSION MODEL PART


           ALPHA(C)
              C#1           C#2
              ________      ________
                0.000         0.000


TECHNICAL 11 OUTPUT

     Random Starts Specifications for the k-1 Class Analysis Model
        Number of initial stage random starts                  20
        Number of final stage optimizations                     4



     VUONG-LO-MENDELL-RUBIN LIKELIHOOD RATIO TEST FOR 1 (H0) VERSUS 2 CLASSES

          H0 Loglikelihood Value                         -741.018
          2 Times the Loglikelihood Difference            504.205
          Difference in the Number of Parameters                5
          Mean                                             18.069
          Standard Deviation                               25.180
          P-Value                                          0.0000

     LO-MENDELL-RUBIN ADJUSTED LRT TEST

          Value                                           484.852
          P-Value                                          0.0000


     Beginning Time:  14:19:36
        Ending Time:  14:19:36
       Elapsed Time:  00:00:00



MUTHEN & MUTHEN
3463 Stoner Ave.
Los Angeles, CA  90066

Tel: (310) 391-9971
Fax: (310) 391-8971
Web: www.StatModel.com
Support: Support@StatModel.com

Copyright (c) 1998-2017 Muthen & Muthen
